Arquivo: EASi.csv
18 linha(s) encontradas(s) 
 > linha: 2 - Registro -> NUMCONTROLE: 1 | FILIAL: 44 - Jacuí | CUPOM: 209309 | DATA: 08-01-2024
  >> CODPROD: 214477 | DESCRIÇAO: REFRIG COCA COLA ZERO LT | QUANTIDADE: 1 | VALOR: -2.27
  >> CODPROD: 120052 | DESCRIÇAO: AGUA TONICA ANTARCTICA TR | QUANTIDADE: 1 | VALOR: -2.9
   >>> 2 item(s) importado(s) 
 > linha: 3 - Registro -> NUMCONTROLE: 2 | FILIAL: 40 - Sabará | CUPOM: 350691 | DATA: 08-01-2024
  >> CODPROD: 26677 | DESCRIÇAO: LEITE LV SEMIDESNAT ITAMB | QUANTIDADE: 1 | VALOR: 4.25
   >>> 1 item(s) importado(s) 
 > linha: 4 não importada -> produto com quantidade zerada! (data: 08-01-2024, cupom: 606016, filial: 15) 
 > linha: 5 - Registro -> NUMCONTROLE: 3 | FILIAL: 15 - Sion | CUPOM: 606016 | DATA: 08-01-2024
  >> CODPROD: 250632 | DESCRIÇAO: CHOC SNICKERS ORIGINAL DP | QUANTIDADE: 1 | VALOR: 2.98
   >>> 1 item(s) importado(s) 
 > linha: 6 - Registro -> NUMCONTROLE: 4 | FILIAL: 40 - Sabará | CUPOM: 152596 | DATA: 08-01-2024
  >> CODPROD: 235096 | DESCRIÇAO: QUEIJO PROVOL FRAC LACTOW | QUANTIDADE: 0.410 | VALOR: -49.9
  >> CODPROD: 123533 | DESCRIÇAO: AGUA SANITARIA SANTA CLARA GL 5L | QUANTIDADE: 1 | VALOR: -10.9
  >> CODPROD: 182290 | DESCRIÇAO: ESPONJA D FACE BRILHUS UN | QUANTIDADE: 10 | VALOR: -1.45
  >> CODPROD: 24211 | DESCRIÇAO: OLEO SOJA LIZA PET 900ML | QUANTIDADE: 1 | VALOR: -6.18
  >> CODPROD: 148367 | DESCRIÇAO: PURURUCA PACHA BACON PC 4 | QUANTIDADE: 1 | VALOR: -6.98
  >> CODPROD: 226523 | DESCRIÇAO: ACHOC PO TODDY ORIGINAL EMB ECON 1,02KG | QUANTIDADE: 1 | VALOR: -18.89
  >> CODPROD: 217124 | DESCRIÇAO: SALAME ITAL PAMPLONA FAT | QUANTIDADE: 1 | VALOR: -8.55
  >> CODPROD: 238090 | DESCRIÇAO: CAMARAO CONG MARIS DESC 3 | QUANTIDADE: 1 | VALOR: -21.9
  >> CODPROD: 221511 | DESCRIÇAO: PAO FORMA VISCONTI TRAD P | QUANTIDADE: 1 | VALOR: -5.69
   >>> 9 item(s) importado(s) 
 > linha: 7 não importada -> nenhum produto encontrado! (data: 08-01-2024, cupom: 128709, filial: 40) 
 > linha: 8 não importada -> produto com valor zerado! (data: 08-01-2024, cupom: 207811, filial: 0) 
 > linha: 9 não importada -> produto com valor zerado! (data: 08-01-2024, cupom: 427963, filial: 9) 
 > linha: 10 - Registro -> NUMCONTROLE: 5 | FILIAL: 40 - Sabará | CUPOM: 162720 | DATA: 08-01-2024
  >> CODPROD: 250398 | DESCRIÇAO: LIMP BANH VEJA X14 T LIMO | QUANTIDADE: 2 | VALOR: -7.98
  >> CODPROD: 172519 | DESCRIÇAO: KIWI NAC BANDEJA UN | QUANTIDADE: 1 | VALOR: -14.98
   >>> 2 item(s) importado(s) 
 > linha: 11 - Registro -> NUMCONTROLE: 6 | FILIAL: 39 - Ipatinga | CUPOM: 180425 | DATA: 08-01-2024
  >> CODPROD: 236101 | DESCRIÇAO: ACHOC PO NESCAU SC 1,2KG | QUANTIDADE: 1 | VALOR: -20.99
  >> CODPROD: 179168 | DESCRIÇAO: BISC WAFER LOOK CHOC 55G | QUANTIDADE: 1 | VALOR: -2.98
   >>> 2 item(s) importado(s) 
 > linha: 12 - Registro -> NUMCONTROLE: 7 | FILIAL: 39 - Ipatinga | CUPOM: 258791 | DATA: 08-01-2024
  >> CODPROD: 147206 | DESCRIÇAO: APAR PRESTO 3 GILLETTE CO | QUANTIDADE: 1 | VALOR: -5.4
  >> CODPROD: 221183 | DESCRIÇAO: SAB PROTEX PROPOLIS 85G | QUANTIDADE: 2 | VALOR: -5.4
  >> CODPROD: 222152 | DESCRIÇAO: SAB LUX BOTANICALS FLOR L | QUANTIDADE: 1 | VALOR: -1.99
   >>> 3 item(s) importado(s) 
 > linha: 13 - Registro -> NUMCONTROLE: 8 | FILIAL: 40 - Sabará | CUPOM: 382572 | DATA: 08-01-2024
  >> CODPROD: 172519 | DESCRIÇAO: KIWI NAC BANDEJA UN | QUANTIDADE: 1 | VALOR: -14.98
   >>> 1 item(s) importado(s) 
 > linha: 14 - Registro -> NUMCONTROLE: 9 | FILIAL: 40 - Sabará | CUPOM: 457250 | DATA: 08-01-2024
  >> CODPROD: 140045 | DESCRIÇAO: LING CALABRESA CURVA SAUD | QUANTIDADE: 0.572 | VALOR: -18.98
   >>> 1 item(s) importado(s) 
 > linha: 15 - Registro -> NUMCONTROLE: 10 | FILIAL: 44 - Jacuí | CUPOM: 196618 | DATA: 09-01-2024
  >> CODPROD: 216326 | DESCRIÇAO: MUSCULO RESF VACUO PECA K | QUANTIDADE: 6.930 | VALOR: -23.98
   >>> 1 item(s) importado(s) 
 > linha: 16 não importada -> nenhum produto encontrado! (data: 09-01-2024, cupom: 197883, filial: 44) 
 > linha: 17 - Registro -> NUMCONTROLE: 11 | FILIAL: 40 - Sabará | CUPOM: 128651 | DATA: 09-01-2024
  >> CODPROD: 227527 | DESCRIÇAO: BROCOLIS NINJA NECTAR BD 200G | QUANTIDADE: 1 | VALOR: -13.59
  >> CODPROD: 178343 | DESCRIÇAO: MAC ESPAG VILMA INTEG N8 | QUANTIDADE: 1 | VALOR: -5.98
  >> CODPROD: 251757 | DESCRIÇAO: BISC RECH MARILAN TEENS C | QUANTIDADE: 1 | VALOR: -1.89
  >> CODPROD: 248301 | DESCRIÇAO: MOLHO TOM POMAROLA TRAD V | QUANTIDADE: 1 | VALOR: -5.98
  >> CODPROD: 20297 | DESCRIÇAO: MORTADELA MINI SUINA CONFIANCA 1KGDEFUMADA AURORA | QUANTIDADE: 1 | VALOR: -12.98
  >> CODPROD: 21216 | DESCRIÇAO: SALAME ITAL SADIA PECA KG | QUANTIDADE: 0.750 | VALOR: -99.33
   >>> 6 item(s) importado(s) 
 > linha: 18 - Registro -> NUMCONTROLE: 12 | FILIAL: 11 - JF | CUPOM: 245506 | DATA: 09-01-2024
  >> CODPROD: 199326 | DESCRIÇAO: CAFE SUP TOKO PC 500G | QUANTIDADE: 01 | VALOR: -12.99
   >>> 1 item(s) importado(s) 
 > linha: 19 - Registro -> NUMCONTROLE: 13 | FILIAL: 39 - Ipatinga | CUPOM: 259092 | DATA: 09-01-2024
  >> CODPROD: 250526 | DESCRIÇAO: FILEZINHO FGO CONG SUPER | QUANTIDADE: 1 | VALOR: -13.98
  >> CODPROD: 203806 | DESCRIÇAO: SALSICHA HOT DOG RESF PER | QUANTIDADE: 1.085 | VALOR: -13.98
  >> CODPROD: 126297 | DESCRIÇAO: LING CALABRESA RETA REZEN | QUANTIDADE: 0.506 | VALOR: -22.98
  >> CODPROD: 12556 | DESCRIÇAO: DESINF LIQ PINHO SOL ORIG | QUANTIDADE: 1 | VALOR: -10.98
  >> CODPROD: 222819 | DESCRIÇAO: KETCHUP CEPERA ORIGINAL F | QUANTIDADE: 1 | VALOR: -9.49
  >> CODPROD: 191112 | DESCRIÇAO: POLPA FRUTA NATURE ACEROL | QUANTIDADE: 1 | VALOR: -1.98
   >>> 6 item(s) importado(s) 

