Arquivo: EASi (4).csv
18 linha(s) encontradas(s) 
 > linha: 2 - Registro -> NUMCONTROLE: 1 | FILIAL: 44 - Jacuí | CUPOM: 209309 | DATA: 08-01-2024
  >> CODPROD: 214477 | DESCRIÇAO: REFRIG COCA COLA ZERO LT | QUANTIDADE: 1 | VALOR: -2.27
  >> CODPROD: 120052 | DESCRIÇAO: AGUA TONICA ANTARCTICA TR | QUANTIDADE: 1 | VALOR: -2.9
   >>> 2 item(s) importado(s) 
 > linha: 3 - Registro -> NUMCONTROLE: 2 | FILIAL: 40 - Sabará | CUPOM: 350691 | DATA: 08-01-2024
  >> CODPROD: 26677 | DESCRIÇAO: LEITE LV SEMIDESNAT ITAMB | QUANTIDADE: 1 | VALOR: 4.25
   >>> 1 item(s) importado(s) 
 > linha: 4 não importada -> produto com quantidade zerada! (data: 08-01-2024, cupom: 606016, filial: 15) 
 > linha: 5 - Registro -> NUMCONTROLE: 3 | FILIAL: 15 - Sion | CUPOM: 606016 | DATA: 08-01-2024
  >> CODPROD: 250632 | DESCRIÇAO: CHOC SNICKERS ORIGINAL DP | QUANTIDADE: 1 | VALOR: 2.98
   >>> 1 item(s) importado(s) 
 > linha: 6 - Registro -> NUMCONTROLE: 4 | FILIAL: 40 - Sabará | CUPOM: 152596 | DATA: 08-01-2024
  >> CODPROD: 235096 | DESCRIÇAO: QUEIJO PROVOL FRAC LACTOW | QUANTIDADE: 0.410 | VALOR: -49.9
  >> CODPROD: 123533 | DESCRIÇAO: AGUA SANITARIA SANTA CLARA GL 5L | QUANTIDADE: 1 | VALOR: -10.9
  >> CODPROD: 182290 | DESCRIÇAO: ESPONJA D FACE BRILHUS UN | QUANTIDADE: 10 | VALOR: -1.45
  >> CODPROD: 24211 | DESCRIÇAO: OLEO SOJA LIZA PET 900ML | QUANTIDADE: 1 | VALOR: -6.18
  >> CODPROD: 148367 | DESCRIÇAO: PURURUCA PACHA BACON PC 4 | QUANTIDADE: 1 | VALOR: -6.98
  >> CODPROD: 226523 | DESCRIÇAO: ACHOC PO TODDY ORIGINAL EMB ECON 1,02KG | QUANTIDADE: 1 | VALOR: -18.89
  >> CODPROD: 217124 | DESCRIÇAO: SALAME ITAL PAMPLONA FAT | QUANTIDADE: 1 | VALOR: -8.55
  >> CODPROD: 238090 | DESCRIÇAO: CAMARAO CONG MARIS DESC 3 | QUANTIDADE: 1 | VALOR: -21.9
  >> CODPROD: 221511 | DESCRIÇAO: PAO FORMA VISCONTI TRAD P | QUANTIDADE: 1 | VALOR: -5.69
   >>> 9 item(s) importado(s) 
 > linha: 7 não importada -> nenhum produto encontrado! (data: 08-01-2024, cupom: 128709, filial: 40) 
 > linha: 8 não importada -> produto com valor zerado! (data: 08-01-2024, cupom: 207811, filial: 0) 
 > linha: 9 não importada -> produto com valor zerado! (data: 08-01-2024, cupom: 427963, filial: 9) 
 > linha: 10 - Registro -> NUMCONTROLE: 5 | FILIAL: 40 - Sabará | CUPOM: 162720 | DATA: 08-01-2024
  >> CODPROD: 250398 | DESCRIÇAO: LIMP BANH VEJA X14 T LIMO | QUANTIDADE: 2 | VALOR: -7.98
  >> CODPROD: 172519 | DESCRIÇAO: KIWI NAC BANDEJA UN | QUANTIDADE: 1 | VALOR: -14.98
   >>> 2 item(s) importado(s) 
 > linha: 11 - Registro -> NUMCONTROLE: 6 | FILIAL: 39 - Ipatinga | CUPOM: 180425 | DATA: 08-01-2024
  >> CODPROD: 236101 | DESCRIÇAO: ACHOC PO NESCAU SC 1,2KG | QUANTIDADE: 1 | VALOR: -20.99
  >> CODPROD: 179168 | DESCRIÇAO: BISC WAFER LOOK CHOC 55G | QUANTIDADE: 1 | VALOR: -2.98
   >>> 2 item(s) importado(s) 
 > linha: 12 - Registro -> NUMCONTROLE: 7 | FILIAL: 39 - Ipatinga | CUPOM: 258791 | DATA: 08-01-2024
  >> CODPROD: 147206 | DESCRIÇAO: APAR PRESTO 3 GILLETTE CO | QUANTIDADE: 1 | VALOR: -5.4
  >> CODPROD: 221183 | DESCRIÇAO: SAB PROTEX PROPOLIS 85G | QUANTIDADE: 2 | VALOR: -5.4
  >> CODPROD: 222152 | DESCRIÇAO: SAB LUX BOTANICALS FLOR L | QUANTIDADE: 1 | VALOR: -1.99
   >>> 3 item(s) importado(s) 
 > linha: 13 - Registro -> NUMCONTROLE: 8 | FILIAL: 40 - Sabará | CUPOM: 382572 | DATA: 08-01-2024
  >> CODPROD: 172519 | DESCRIÇAO: KIWI NAC BANDEJA UN | QUANTIDADE: 1 | VALOR: -14.98
   >>> 1 item(s) importado(s) 
 > linha: 14 - Registro -> NUMCONTROLE: 9 | FILIAL: 40 - Sabará | CUPOM: 457250 | DATA: 08-01-2024
  >> CODPROD: 140045 | DESCRIÇAO: LING CALABRESA CURVA SAUD | QUANTIDADE: 0.572 | VALOR: -18.98
   >>> 1 item(s) importado(s) 
 > linha: 15 - Registro -> NUMCONTROLE: 10 | FILIAL: 44 - Jacuí | CUPOM: 196618 | DATA: 09-01-2024
  >> CODPROD: 216326 | DESCRIÇAO: MUSCULO RESF VACUO PECA K | QUANTIDADE: 6.930 | VALOR: -23.98
   >>> 1 item(s) importado(s) 
 > linha: 16 não importada -> nenhum produto encontrado! (data: 09-01-2024, cupom: 197883, filial: 44) 
 > linha: 17 - Registro -> NUMCONTROLE: 11 | FILIAL: 40 - Sabará | CUPOM: 128651 | DATA: 09-01-2024
  >> CODPROD: 227527 | DESCRIÇAO: BROCOLIS NINJA NECTAR BD 200G | QUANTIDADE: 1 | VALOR: -13.59
  >> CODPROD: 178343 | DESCRIÇAO: MAC ESPAG VILMA INTEG N8 | QUANTIDADE: 1 | VALOR: -5.98
  >> CODPROD: 251757 | DESCRIÇAO: BISC RECH MARILAN TEENS C | QUANTIDADE: 1 | VALOR: -1.89
  >> CODPROD: 248301 | DESCRIÇAO: MOLHO TOM POMAROLA TRAD V | QUANTIDADE: 1 | VALOR: -5.98
  >> CODPROD: 20297 | DESCRIÇAO: MORTADELA MINI SUINA CONFIANCA 1KGDEFUMADA AURORA | QUANTIDADE: 1 | VALOR: -12.98
  >> CODPROD: 21216 | DESCRIÇAO: SALAME ITAL SADIA PECA KG | QUANTIDADE: 0.750 | VALOR: -99.33
   >>> 6 item(s) importado(s) 
 > linha: 18 - Registro -> NUMCONTROLE: 12 | FILIAL: 11 - JF | CUPOM: 245506 | DATA: 09-01-2024
  >> CODPROD: 199326 | DESCRIÇAO: CAFE SUP TOKO PC 500G | QUANTIDADE: 01 | VALOR: -12.99
   >>> 1 item(s) importado(s) 
 > linha: 19 - Registro -> NUMCONTROLE: 13 | FILIAL: 39 - Ipatinga | CUPOM: 259092 | DATA: 09-01-2024
  >> CODPROD: 250526 | DESCRIÇAO: FILEZINHO FGO CONG SUPER | QUANTIDADE: 1 | VALOR: -13.98
  >> CODPROD: 203806 | DESCRIÇAO: SALSICHA HOT DOG RESF PER | QUANTIDADE: 1.085 | VALOR: -13.98
  >> CODPROD: 126297 | DESCRIÇAO: LING CALABRESA RETA REZEN | QUANTIDADE: 0.506 | VALOR: -22.98
  >> CODPROD: 12556 | DESCRIÇAO: DESINF LIQ PINHO SOL ORIG | QUANTIDADE: 1 | VALOR: -10.98
  >> CODPROD: 222819 | DESCRIÇAO: KETCHUP CEPERA ORIGINAL F | QUANTIDADE: 1 | VALOR: -9.49
  >> CODPROD: 191112 | DESCRIÇAO: POLPA FRUTA NATURE ACEROL | QUANTIDADE: 1 | VALOR: -1.98
   >>> 6 item(s) importado(s) 

Arquivo: EASi_M.csv
9 linha(s) encontradas(s) 
 > linha: 2 - Registro -> NUMCONTROLE: 14 | FILIAL: 27 - HM | CUPOM: 778537 | DATA: 04-12-2023
  >> CODPROD: 248479 | DESCRIÇAO: PA LIXO CONDOR 1504 UN | QUANTIDADE: 1 | VALOR: -8.89
   >>> 1 item(s) importado(s) 
 > linha: 3 - Registro -> NUMCONTROLE: 15 | FILIAL: 28 - Morada Nova | CUPOM: 45530 | DATA: 04-12-2023
  >> CODPROD: 234918 | DESCRIÇAO: KIT REFRIG COCA COLA 2L+F | QUANTIDADE: 1 | VALOR: 1
   >>> 1 item(s) importado(s) 
 > linha: 4 - Registro -> NUMCONTROLE: 16 | FILIAL: 15 - Sion | CUPOM: 380581 | DATA: 05-12-2023
  >> CODPROD: 240583 | DESCRIÇAO: BATATA RUFFLES ORIGINAL PC 76G | QUANTIDADE: 2 | VALOR: -7.89
  >> CODPROD: 240583 | DESCRIÇAO: SALGADINHO DORITOS QUEIJO | QUANTIDADE: 1 | VALOR: -7.98
  >> CODPROD: 225691 | DESCRIÇAO: BISC RECH MARILAN TEENS C | QUANTIDADE: 1 | VALOR: -3.75
   >>> 3 item(s) importado(s) 
 > linha: 5 - Registro -> NUMCONTROLE: 17 | FILIAL: 15 - Sion | CUPOM: 380638 | DATA: 05-12-2023
  >> CODPROD: 247444 | DESCRIÇAO: MOLHO TOM BONARE TRAD SC | QUANTIDADE: 1 | VALOR: -1.49
  >> CODPROD: 233288 | DESCRIÇAO: MILHO VERDE MINAS MAIS LT 170G | QUANTIDADE: 1 | VALOR: -3.28
   >>> 2 item(s) importado(s) 
 > linha: 6 - Registro -> NUMCONTROLE: 18 | FILIAL: 18 - Brigadeiro | CUPOM: 222453 | DATA: 06-12-2023
  >> CODPROD: 155455 | DESCRIÇAO: QUEIJO GORGONZ BELLA ITAL | QUANTIDADE: 0.378 | VALOR: -69.87
  >> CODPROD: 233883 | DESCRIÇAO: SALAME MILANO PAMPLONA FA | QUANTIDADE: 1 | VALOR: -9.38
  >> CODPROD: 18148 | DESCRIÇAO: MORTADELA BOLONHA REZENDE | QUANTIDADE: 0.240 | VALOR: -7.98
   >>> 3 item(s) importado(s) 
 > linha: 7 - Registro -> NUMCONTROLE: 19 | FILIAL: 21 - P2 | CUPOM: 489478 | DATA: 06-12-2023
  >> CODPROD: 237481 | DESCRIÇAO: CERV HEINEKEN LT 473ML | QUANTIDADE: 1 | VALOR: 66.96
   >>> 1 item(s) importado(s) 
 > linha: 8 - Registro -> NUMCONTROLE: 20 | FILIAL: 21 - P2 | CUPOM: 513618 | DATA: 06-12-2023
  >> CODPROD: 179835 | DESCRIÇAO: AGUA MINERAL ACQUISSIMA C | QUANTIDADE: 11 | VALOR: -1.98
   >>> 1 item(s) importado(s) 
 > linha: 9 - Registro -> NUMCONTROLE: 21 | FILIAL: 22 - JJ | CUPOM: 465127 | DATA: 07-12-2023
  >> CODPROD: 194922 | DESCRIÇAO: EXTRATO TOM COLONIAL TRAD | QUANTIDADE: 1 | VALOR: -12.98
  >> CODPROD: 194829 | DESCRIÇAO: EXTRATO TOM COLONIAL TRAD SC 300G | QUANTIDADE: 1 | VALOR: -2.49
  >> CODPROD: 210288 | DESCRIÇAO: CERV L NECK HEINEKEN 330ML | QUANTIDADE: 1 | VALOR: -5.98
  >> CODPROD: 247256 | DESCRIÇAO: SAND IPANEMA BRASIL AD UN | QUANTIDADE: 1 | VALOR: -29.9
  >> CODPROD: 205754 | DESCRIÇAO: CASTANHA PARA ALIMINAS S/CASCA PT 150G | QUANTIDADE: 1 | VALOR: -16.98
  >> CODPROD: 252435 | DESCRIÇAO: CR DENTAL COLGATE T ACAO MENTA 120G | QUANTIDADE: 1 | VALOR: -1.9
   >>> 6 item(s) importado(s) 
 > linha: 10 - Registro -> NUMCONTROLE: 22 | FILIAL: 23 - Tropical | CUPOM: 157386 | DATA: 07-12-2023
  >> CODPROD: 230271 | DESCRIÇAO: INSET AERO SBP ANTI AEDES | QUANTIDADE: 1 | VALOR: -16.9
  >> CODPROD: 169053 | DESCRIÇAO: FARINHA MAND ANCHIETA BCA | QUANTIDADE: 1 | VALOR: -5.4
  >> CODPROD: 132016 | DESCRIÇAO: AMIDO MILHO PT PACHA 500G | QUANTIDADE: 1 | VALOR: -3.4
  >> CODPROD: 192569 | DESCRIÇAO: ACUCAR CRISTAL DELTA PC 5 | QUANTIDADE: 1 | VALOR: -15.99
   >>> 4 item(s) importado(s) 

Arquivo: EASi_M2.csv
48 linha(s) encontradas(s) 
 > linha: 2 - Registro -> NUMCONTROLE: 23 | FILIAL: 09 - Cof | CUPOM: 279574 | DATA: 13-11-2023
  >> CODPROD: 8 | DESCRIÇAO: ALHO DESCASCADO BD 250G | QUANTIDADE: 1 | VALOR: -6.99
  >> CODPROD: 239837 | DESCRIÇAO: PEITO FGO DESF CONG NAT PRONTO JA 400G | QUANTIDADE: 1 | VALOR: -12.88
   >>> 2 item(s) importado(s) 
 > linha: 3 - Registro -> NUMCONTROLE: 24 | FILIAL: 19 - Divinópolis | CUPOM: 208257 | DATA: 13-11-2023
  >> CODPROD: 148393 | DESCRIÇAO: CERV PILSEN BRAHMA LT 473 | QUANTIDADE: 1 | VALOR: -47.88
   >>> 1 item(s) importado(s) 
 > linha: 4 - Registro -> NUMCONTROLE: 25 | FILIAL: 19 - Divinópolis | CUPOM: 19469851 | DATA: 13-11-2023
  >> CODPROD: 136115 | DESCRIÇAO: SH DARLING TILIA FR 350ML | QUANTIDADE: 1 | VALOR: -8.99
  >> CODPROD: 15535 | DESCRIÇAO: LEITE HIDRAT MONANGE IOG | QUANTIDADE: 1 | VALOR: -10.67
  >> CODPROD: 227543 | DESCRIÇAO: ESC DENTAL COLGATE TWISTE | QUANTIDADE: 1 | VALOR: -16.54
  >> CODPROD: 240562 | DESCRIÇAO: SH ELSEVE LONGO SONHOS FR | QUANTIDADE: 1 | VALOR: -23.9
  >> CODPROD: 247932 | DESCRIÇAO: COND ELSEVE CACHOS L SONH | QUANTIDADE: 1 | VALOR: -23.9
   >>> 5 item(s) importado(s) 
 > linha: 5 - Registro -> NUMCONTROLE: 26 | FILIAL: 20 - Justinopolis | CUPOM: 425323 | DATA: 13-11-2023
  >> CODPROD: 184511 | DESCRIÇAO: AGUA SANITARIA CLASSIC FR | QUANTIDADE: 1 | VALOR: -2.98
  >> CODPROD: 138917 | DESCRIÇAO: CAFE FORT 3 CORACOES PC 5 | QUANTIDADE: 2 | VALOR: -13.98
  >> CODPROD: 115636 | DESCRIÇAO: DETERG LIQ LIMPOL COCO FR | QUANTIDADE: 4 | VALOR: -2.15
  >> CODPROD: 244347 | DESCRIÇAO: REQ CREM ITAMBE LIGHT PT | QUANTIDADE: 1 | VALOR: -14.5
  >> CODPROD: 2202 | DESCRIÇAO: TOALHA PAPEL SNOB BRANCO | QUANTIDADE: 1 | VALOR: -4.99
  >> CODPROD: 28035 | DESCRIÇAO: MAC ESPAG STA AMALIA OVOS | QUANTIDADE: 1 | VALOR: -4.99
  >> CODPROD: 182676 | DESCRIÇAO: ESPONJA D FACE M USO BRIL | QUANTIDADE: 1 | VALOR: -3.85
  >> CODPROD: 222584 | DESCRIÇAO: SAB NIVEA AVEIA 85G | QUANTIDADE: 1 | VALOR: -2.98
  >> CODPROD: 1838 | DESCRIÇAO: INSET APAR ELET RAID 12HS | QUANTIDADE: 1 | VALOR: -14.98
   >>> 9 item(s) importado(s) 
 > linha: 6 - Registro -> NUMCONTROLE: 27 | FILIAL: 21 - P2 | CUPOM: 278078 | DATA: 14-11-2023
  >> CODPROD: 214485 | DESCRIÇAO: REFRIG FANTA UVA LT 220ML | QUANTIDADE: 1 | VALOR: -13.68
   >>> 1 item(s) importado(s) 
 > linha: 7 - Registro -> NUMCONTROLE: 28 | FILIAL: 22 - JJ | CUPOM: 330793 | DATA: 15-11-2023
  >> CODPROD: 1189 | DESCRIÇAO: BANANA CATURRA KG | QUANTIDADE: 1.168 | VALOR: -4.848
  >> CODPROD: 240222 | DESCRIÇAO: LAVA ROUPAS PO YPE POWER | QUANTIDADE: 1 | VALOR: -18.9
   >>> 2 item(s) importado(s) 
 > linha: 8 - Registro -> NUMCONTROLE: 29 | FILIAL: 23 - Tropical | CUPOM: 153575 | DATA: 15-11-2023
  >> CODPROD: 160339 | DESCRIÇAO: CAFE 3 CORACOES PREM ESTR | QUANTIDADE: 1 | VALOR: -19.98
  >> CODPROD: 29570 | DESCRIÇAO: REFRIG COCA COLA ORIG PET | QUANTIDADE: 1 | VALOR: -9.98
  >> CODPROD: 458 | DESCRIÇAO: LIMAO TAITI KG | QUANTIDADE: 1.378 | VALOR: -4.98
  >> CODPROD: 8830 | DESCRIÇAO: LARANJA PERA RIO KG | QUANTIDADE: 1.080 | VALOR: -3.98
   >>> 4 item(s) importado(s) 
 > linha: 9 - Registro -> NUMCONTROLE: 30 | FILIAL: 21 - P2 | CUPOM: 483596 | DATA: 15-11-2023
  >> CODPROD: 214642 | DESCRIÇAO: REFRIG COCA COLA ZERO LT | QUANTIDADE: 5 | VALOR: -2.68
   >>> 1 item(s) importado(s) 
 > linha: 10 - Registro -> NUMCONTROLE: 31 | FILIAL: 12 - Ceanorte | CUPOM: 289349 | DATA: 10-11-2023
  >> CODPROD: 106696 | DESCRIÇAO: OLEO SOJA VELEIRO PET 900 | QUANTIDADE: 1 | VALOR: -5.18
  >> CODPROD: 118885 | DESCRIÇAO: TOMATE ANDREA KG | QUANTIDADE: 1.105 | VALOR: -5.95
   >>> 2 item(s) importado(s) 
 > linha: 11 - Registro -> NUMCONTROLE: 32 | FILIAL: 18 - Brigadeiro | CUPOM: 423276 | DATA: 12-11-2023
  >> CODPROD: 241892 | DESCRIÇAO: BISC TORTINHA MARILAN MAR | QUANTIDADE: 3 | VALOR: -3.39
  >> CODPROD: 250836 | DESCRIÇAO: BATATA PRINGLES ORIG LT 1 | QUANTIDADE: 1 | VALOR: -10.48
  >> CODPROD: 250834 | DESCRIÇAO: BATATA PRINGLES QUEIJO LT | QUANTIDADE: 1 | VALOR: -10.48
   >>> 3 item(s) importado(s) 
 > linha: 12 - Registro -> NUMCONTROLE: 33 | FILIAL: 18 - Brigadeiro | CUPOM: 365641 | DATA: 12-11-2023
  >> CODPROD: 222228 | DESCRIÇAO: CORACAO FRANGO CONG AVE N | QUANTIDADE: 1 | VALOR: -22.9
   >>> 1 item(s) importado(s) 
 > linha: 13 - Registro -> NUMCONTROLE: 34 | FILIAL: 18 - Brigadeiro | CUPOM: 391974 | DATA: 12-11-2023
  >> CODPROD: 202456 | DESCRIÇAO: FILE PEITO FGO CONG NAT E | QUANTIDADE: 0.834 | VALOR: -13.98
   >>> 1 item(s) importado(s) 
 > linha: 14 - Registro -> NUMCONTROLE: 35 | FILIAL: 09 - Cof | CUPOM: 212693 | DATA: 12-11-2023
  >> CODPROD: 24211 | DESCRIÇAO: OLEO SOJA LIZA PET 900ML | QUANTIDADE: 5 | VALOR: -5.29
  >> CODPROD: 111863 | DESCRIÇAO: DETERG LIQ YPE CLEAR FR 500ML | QUANTIDADE: 1 | VALOR: -2.29
   >>> 2 item(s) importado(s) 
 > linha: 15 - Registro -> NUMCONTROLE: 36 | FILIAL: 21 - P2 | CUPOM: 397486 | DATA: 07-11-2023
  >> CODPROD: 223520 | DESCRIÇAO: SAB HIDRAT FARNESE ERVA D | QUANTIDADE: 01 | VALOR: -3.98
   >>> 1 item(s) importado(s) 
 > linha: 16 não importada -> nenhum produto encontrado! (data: 07-11-2023, cupom: 300433, filial: 9) 
 > linha: 17 não importada -> nenhum produto encontrado! (data: 07-11-2023, cupom: 52644, filial: 44) 
 > linha: 18 - Registro -> NUMCONTROLE: 37 | FILIAL: 04 - Dulce | CUPOM: 414807 | DATA: 07-11-2023
  >> CODPROD: 242184 | DESCRIÇAO: CAFE TORRADO GRAOS VASCON | QUANTIDADE: 0.265 | VALOR: -37.99
   >>> 1 item(s) importado(s) 
 > linha: 19 - Registro -> NUMCONTROLE: 38 | FILIAL: 04 - Dulce | CUPOM: 48782 | DATA: 07-11-2023
  >> CODPROD: 13137 | DESCRIÇAO: APRESUNTADO REZENDE PECA | QUANTIDADE: 3.200 | VALOR: -21.68
   >>> 1 item(s) importado(s) 
 > linha: 20 não importada -> nenhum produto encontrado! (data: 08-11-2023, cupom: 170512, filial: 42) 
 > linha: 21 - Registro -> NUMCONTROLE: 39 | FILIAL: 12 - Ceanorte | CUPOM: 57955 | DATA: 08-11-2023
  >> CODPROD: 24242 | DESCRIÇAO: FUBA MIMOSO SINHA PC 1KG | QUANTIDADE: 1 | VALOR: -4.2
  >> CODPROD: 181374 | DESCRIÇAO: REFRESCO PO PACHA LAR/MAM | QUANTIDADE: 1 | VALOR: -2.9
  >> CODPROD: 221189 | DESCRIÇAO: SAB PROTEX CREAM 85G | QUANTIDADE: 1 | VALOR: -3.89
   >>> 3 item(s) importado(s) 
 > linha: 22 - Registro -> NUMCONTROLE: 40 | FILIAL: 12 - Ceanorte | CUPOM: 146670 | DATA: 08-11-2023
  >> CODPROD: 236292 | DESCRIÇAO: MAIONESE HELLMANNS 500G | QUANTIDADE: 1 | VALOR: -7.98
  >> CODPROD: 148989 | DESCRIÇAO: SARDINHA PESCADOR C/M TOM | QUANTIDADE: 1 | VALOR: -4.49
  >> CODPROD: 205293 | DESCRIÇAO: REQ CANTO DE MINAS TRAD B | QUANTIDADE: 1 | VALOR: -12.48
   >>> 3 item(s) importado(s) 
 > linha: 23 - Registro -> NUMCONTROLE: 41 | FILIAL: 15 - Sion | CUPOM: 420085 | DATA: 09-11-2023
  >> CODPROD: 194225 | DESCRIÇAO: ALHO DESCASCADO PC 1KG | QUANTIDADE: 1 | VALOR: -26.9
  >> CODPROD: 193722 | DESCRIÇAO: FILE PEITO FGO CONG SEARA | QUANTIDADE: 1 | VALOR: -14.9
  >> CODPROD: 179682 | DESCRIÇAO: SAL REFINADO MASTER PC 1K | QUANTIDADE: 1 | VALOR: -1.55
  >> CODPROD: 1347 | DESCRIÇAO: CEBOLA AMARELA KG | QUANTIDADE: 1.392 | VALOR: -4.98
   >>> 4 item(s) importado(s) 
 > linha: 24 - Registro -> NUMCONTROLE: 42 | FILIAL: 15 - Sion | CUPOM: 420088 | DATA: 09-11-2023
  >> CODPROD: 215745 | DESCRIÇAO: PIMENTA REINO PO PACHA FR | QUANTIDADE: 1 | VALOR: -4.69
  >> CODPROD: 116225 | DESCRIÇAO: FUBA MIMOSO PACHA PC 1KG | QUANTIDADE: 1 | VALOR: -2.98
   >>> 2 item(s) importado(s) 
 > linha: 25 - Registro -> NUMCONTROLE: 43 | FILIAL: 12 - Ceanorte | CUPOM: 167891 | DATA: 09-11-2023
  >> CODPROD: 118844 | DESCRIÇAO: IOG VIDA SABORES SC 120G | QUANTIDADE: 80 | VALOR: -0.76
  >> CODPROD: 249953 | DESCRIÇAO: CHOC BR SNICKERS DARK 42G | QUANTIDADE: 1 | VALOR: 3.49
   >>> 2 item(s) importado(s) 
 > linha: 26 - Registro -> NUMCONTROLE: 44 | FILIAL: 12 - Ceanorte | CUPOM: 167909 | DATA: 09-11-2023
  >> CODPROD: 242799 | DESCRIÇAO: OVOS BRANCO SOMAI JUMBO 4 | QUANTIDADE: 1 | VALOR: 26.9
  >> CODPROD: 8 | DESCRIÇAO: ALHO DESCASCADO BD 250G | QUANTIDADE: 1 | VALOR: -7.99
  >> CODPROD: 209567 | DESCRIÇAO: BATATA CONG MAIS BATATA TRAD 2KG | QUANTIDADE: 2 | VALOR: -22.8
  >> CODPROD: 217539 | DESCRIÇAO: SAL MOIDO 5 ESTRELAS PC 1KG | QUANTIDADE: 1 | VALOR: -1.45
   >>> 4 item(s) importado(s) 
 > linha: 27 - Registro -> NUMCONTROLE: 45 | FILIAL: 42 - Uberaba | CUPOM: 84901 | DATA: 04-11-2023
  >> CODPROD: 198914 | DESCRIÇAO: PAO QUEIJO TIA TANIA COQU | QUANTIDADE: 2 | VALOR: -38.92
  >> CODPROD: 135563 | DESCRIÇAO: LOMBO RESF SAUDALI APRECI | QUANTIDADE: 1.290 | VALOR: -24.98
   >>> 2 item(s) importado(s) 
 > linha: 28 - Registro -> NUMCONTROLE: 46 | FILIAL: 18 - Brigadeiro | CUPOM: 282963 | DATA: 04-11-2023
  >> CODPROD: 223524 | DESCRIÇAO: SAB HIDRAT FARNESE PURO H | QUANTIDADE: 4 | VALOR: -398
  >> CODPROD: 240618 | DESCRIÇAO: SAB HIDRAT FARNESE LAV FLOR ORQ 180G | QUANTIDADE: 1 | VALOR: -398
  >> CODPROD: 235088 | DESCRIÇAO: QUEIJO MUSS ITAMBE FAT BD 150G | QUANTIDADE: 1 | VALOR: -7.58
  >> CODPROD: 216038 | DESCRIÇAO: PRESUNTO SADIA SOLTISSIMO FAT 200G | QUANTIDADE: 1 | VALOR: -9.68
  >> CODPROD: 240216 | DESCRIÇAO: PAPEL HIG NEVE FD 30M T SEDA L12P11 12UN | QUANTIDADE: 1 | VALOR: -24.9
   >>> 5 item(s) importado(s) 
 > linha: 29 - Registro -> NUMCONTROLE: 47 | FILIAL: 42 - Uberaba | CUPOM: 67610 | DATA: 04-11-2023
  >> CODPROD: 251305 | DESCRIÇAO: BOLINHA NAPOL FRITO CONG | QUANTIDADE: 1 | VALOR: -18.98
  >> CODPROD: 182346 | DESCRIÇAO: FRANGO CAIP CONG NHO BENT | QUANTIDADE: 2.500 | VALOR: -13.98
   >>> 2 item(s) importado(s) 
 > linha: 30 - Registro -> NUMCONTROLE: 48 | FILIAL: 12 - Ceanorte | CUPOM: 43949 | DATA: 04-11-2023
  >> CODPROD: 106696 | DESCRIÇAO: OLEO SOJA VELEIRO PET 900 | QUANTIDADE: 4 | VALOR: -5.25
   >>> 1 item(s) importado(s) 
 > linha: 31 - Registro -> NUMCONTROLE: 49 | FILIAL: 41 - Betânia | CUPOM: 240052 | DATA: 04-11-2023
  >> CODPROD: 162702 | DESCRIÇAO: NECTAR TIAL UVA TP 1 | QUANTIDADE: 01 | VALOR: 5.78
   >>> 1 item(s) importado(s) 
 > linha: 32 não importada -> nenhum produto encontrado! (data: 05-11-2023, cupom: 82623, filial: 44) 
 > linha: 33 - Registro -> NUMCONTROLE: 50 | FILIAL: 44 - Jacuí | CUPOM: 227931 | DATA: 05-11-2023
  >> CODPROD: 193461 | DESCRIÇAO: SACO LIXO BYE BYE LIXO RE | QUANTIDADE: 1 | VALOR: -9.98
   >>> 1 item(s) importado(s) 
 > linha: 34 - Registro -> NUMCONTROLE: 51 | FILIAL: 44 - Jacuí | CUPOM: 161087 | DATA: 05-11-2023
  >> CODPROD: 186639 | DESCRIÇAO: BOLO PULLMAN CHOCOLATE PC | QUANTIDADE: 1 | VALOR: -8.98
   >>> 1 item(s) importado(s) 
 > linha: 35 - Registro -> NUMCONTROLE: 52 | FILIAL: 42 - Uberaba | CUPOM: 216587 | DATA: 01-11-2023
  >> CODPROD: 191758 | DESCRIÇAO: LEITE LV INTEG PORTO ALEG | QUANTIDADE: 11 | VALOR: -3.58
   >>> 1 item(s) importado(s) 
 > linha: 36 - Registro -> NUMCONTROLE: 53 | FILIAL: 42 - Uberaba | CUPOM: 357974 | DATA: 01-11-2023
  >> CODPROD: 106696 | DESCRIÇAO: OLEO SOJA VELEIRO PET 900 | QUANTIDADE: 5 | VALOR: -5.12
   >>> 1 item(s) importado(s) 
 > linha: 37 - Registro -> NUMCONTROLE: 54 | FILIAL: 42 - Uberaba | CUPOM: 113378 | DATA: 01-11-2023
  >> CODPROD: 111863 | DESCRIÇAO: DETERG LIQ YPE CLEAR FR 5 | QUANTIDADE: 5 | VALOR: -2.29
   >>> 1 item(s) importado(s) 
 > linha: 38 - Registro -> NUMCONTROLE: 55 | FILIAL: 44 - Jacuí | CUPOM: 172977 | DATA: 01-11-2023
  >> CODPROD: 237623 | DESCRIÇAO:  | QUANTIDADE: 2 | VALOR: 15.98
   >>> 1 item(s) importado(s) 
 > linha: 39 - Registro -> NUMCONTROLE: 56 | FILIAL: 37 - AMV | CUPOM: 113157 | DATA: 01-11-2023
  >> CODPROD: 1446 | DESCRIÇAO: UVA BRANCA SEM SEMENTE BD 500G | QUANTIDADE: 1 | VALOR: -8.98
   >>> 1 item(s) importado(s) 
 > linha: 40 - Registro -> NUMCONTROLE: 57 | FILIAL: 12 - Ceanorte | CUPOM: 52223 | DATA: 01-11-2023
  >> CODPROD: 211629 | DESCRIÇAO: CERV ITAIPAVA LT 550ML | QUANTIDADE: 12 | VALOR: -3.48
   >>> 1 item(s) importado(s) 
 > linha: 41 - Registro -> NUMCONTROLE: 58 | FILIAL: 34 - SL | CUPOM: 174407 | DATA: 01-11-2023
  >> CODPROD: 207557 | DESCRIÇAO: BISC RECH OREO ORIG PC 36 | QUANTIDADE: 1 | VALOR: 14.8
   >>> 1 item(s) importado(s) 
 > linha: 42 - Registro -> NUMCONTROLE: 59 | FILIAL: 34 - SL | CUPOM: 263878 | DATA: 01-11-2023
  >> CODPROD: 27701 | DESCRIÇAO: ALFACE HIDROPONICA UN | QUANTIDADE: 01 | VALOR: 1.01
   >>> 1 item(s) importado(s) 
 > linha: 43 - Registro -> NUMCONTROLE: 60 | FILIAL: 34 - SL | CUPOM: 263879 | DATA: 01-11-2023
  >> CODPROD: 207557 | DESCRIÇAO: BISC RECH OREO ORIG PC 36 | QUANTIDADE: 1 | VALOR: 14.8
   >>> 1 item(s) importado(s) 
 > linha: 44 - Registro -> NUMCONTROLE: 61 | FILIAL: 34 - SL | CUPOM: 287199 | DATA: 01-11-2023
  >> CODPROD: 207557 | DESCRIÇAO: BISC RECH OREO ORIG PC 36 | QUANTIDADE: 1 | VALOR: 14.8
   >>> 1 item(s) importado(s) 
 > linha: 45 - Registro -> NUMCONTROLE: 62 | FILIAL: 34 - SL | CUPOM: 287200 | DATA: 01-11-2023
  >> CODPROD: 207557 | DESCRIÇAO: BISC RECH OREO ORIG PC 36 | QUANTIDADE: 1 | VALOR: 14.8
   >>> 1 item(s) importado(s) 
 > linha: 46 - Registro -> NUMCONTROLE: 63 | FILIAL: 26 - Serrano | CUPOM: 75879 | DATA: 02-11-2023
  >> CODPROD: 235719 | DESCRIÇAO: SALAME ITAL SEARA GOURMET | QUANTIDADE: 1.206 | VALOR: -94.98
   >>> 1 item(s) importado(s) 
 > linha: 47 - Registro -> NUMCONTROLE: 64 | FILIAL: 26 - Serrano | CUPOM: 255946 | DATA: 03-11-2023
  >> CODPROD: 221306 | DESCRIÇAO: FEIJAO PRETO ANCHIETA T1 | QUANTIDADE: 2 | VALOR: -6.79
  >> CODPROD: 197065 | DESCRIÇAO: FUBA MIMOSO PRAMAR PC 1KG | QUANTIDADE: 1 | VALOR: -2.88
  >> CODPROD: 200444 | DESCRIÇAO: ARROZ AGULH PRIMUS T1 PC 5KG | QUANTIDADE: 1 | VALOR: -21.9
   >>> 3 item(s) importado(s) 
 > linha: 48 - Registro -> NUMCONTROLE: 65 | FILIAL: 26 - Serrano | CUPOM: 480845 | DATA: 03-11-2023
  >> CODPROD: 29575 | DESCRIÇAO: REFRIG COCA COLA ORIG LT | QUANTIDADE: 36 | VALOR: -3.28
   >>> 1 item(s) importado(s) 
 > linha: 49 - Registro -> NUMCONTROLE: 66 | FILIAL: 12 - Ceanorte | CUPOM: 140539 | DATA: 03-11-2023
  >> CODPROD: 121353 | DESCRIÇAO: QUEIJO PROVOL SERRA NEGRA | QUANTIDADE: 0.194 | VALOR: -59.9
  >> CODPROD: 177894 | DESCRIÇAO: QUEIJO MUSS PORTO ALEGRE | QUANTIDADE: 0.434 | VALOR: -32.9
  >> CODPROD: 203244 | DESCRIÇAO: AZEITONA VERDE MIUDA ALIM | QUANTIDADE: 1 | VALOR: -9.67
   >>> 3 item(s) importado(s) 

Arquivo: EASi_MM.csv
15 linha(s) encontradas(s) 
 > linha: 2 - Registro -> NUMCONTROLE: 67 | FILIAL: 38 - Jatai | CUPOM: 295349 | DATA: 11-12-2023
  >> CODPROD: 192569 | DESCRIÇAO: ACUCAR CRISTAL DELTA PC 5 | QUANTIDADE: 2 | VALOR: -16.9
  >> CODPROD: 215514 | DESCRIÇAO: FEIJAO CARIOCA VILLEFORT | QUANTIDADE: 1 | VALOR: -6.49
  >> CODPROD: 248307 | DESCRIÇAO: FEIJAO CARIOCA DONA DE T1 | QUANTIDADE: 1 | VALOR: -6.29
  >> CODPROD: 248313 | DESCRIÇAO: FEIJAO FRADINHO KICALDO T | QUANTIDADE: 1 | VALOR: -6.99
  >> CODPROD: 190129 | DESCRIÇAO: MAC ESPAG GALO N8 SEMOLA | QUANTIDADE: 5 | VALOR: -3.98
   >>> 5 item(s) importado(s) 
 > linha: 3 - Registro -> NUMCONTROLE: 68 | FILIAL: 21 - P2 | CUPOM: 96902 | DATA: 11-12-2023
  >> CODPROD: 245661 | DESCRIÇAO: SAB SIENE ERVA DOCE 85G | QUANTIDADE: 1 | VALOR: -1.39
  >> CODPROD: 234998 | DESCRIÇAO: AGUA OXIGENADA CREM IDEAL | QUANTIDADE: 1 | VALOR: 2.98
   >>> 2 item(s) importado(s) 
 > linha: 4 - Registro -> NUMCONTROLE: 69 | FILIAL: 42 - Uberaba | CUPOM: 126039 | DATA: 11-12-2023
  >> CODPROD: 122633 | DESCRIÇAO: LING CALABRESA FINA SEARA | QUANTIDADE: 0.448 | VALOR: -20.97
   >>> 1 item(s) importado(s) 
 > linha: 5 - Registro -> NUMCONTROLE: 70 | FILIAL: 21 - P2 | CUPOM: 408156 | DATA: 11-12-2023
  >> CODPROD: 123811 | DESCRIÇAO: MOSTARDA CEPERA AMAR | QUANTIDADE: 1 | VALOR: -5.48
  >> CODPROD: 187925 | DESCRIÇAO: SALGADINHO EQLIBRI TOMATE | QUANTIDADE: 1 | VALOR: 4.28
   >>> 2 item(s) importado(s) 
 > linha: 6 - Registro -> NUMCONTROLE: 71 | FILIAL: 40 - Sabará | CUPOM: 443875 | DATA: 11-12-2023
  >> CODPROD: 179168 | DESCRIÇAO: BISC WAFER LOOK CHOC 55G | QUANTIDADE: 1 | VALOR: -2.48
   >>> 1 item(s) importado(s) 
 > linha: 7 - Registro -> NUMCONTROLE: 72 | FILIAL: 21 - P2 | CUPOM: 419582 | DATA: 12-12-2023
  >> CODPROD: 210288 | DESCRIÇAO: CERV L NECK HEINEKEN 330M | QUANTIDADE: 3 | VALOR: -35.97
   >>> 1 item(s) importado(s) 
 > linha: 8 - Registro -> NUMCONTROLE: 73 | FILIAL: 36 - Itabira | CUPOM: 519709 | DATA: 12-12-2023
  >> CODPROD: 140291 | DESCRIÇAO: FRANGO SEARA GOURMET DEFU | QUANTIDADE: 1.112 | VALOR: -29.78
   >>> 1 item(s) importado(s) 
 > linha: 9 - Registro -> NUMCONTROLE: 74 | FILIAL: 36 - Itabira | CUPOM: 859316 | DATA: 12-12-2023
  >> CODPROD: 226169 | DESCRIÇAO: QUEIJO COALHO ESPETO P AL | QUANTIDADE: 0.380 | VALOR: -59.9
  >> CODPROD: 236491 | DESCRIÇAO: BATATA LAYS SENSACOES FGO | QUANTIDADE: 2 | VALOR: -7.88
   >>> 2 item(s) importado(s) 
 > linha: 10 - Registro -> NUMCONTROLE: 75 | FILIAL: 36 - Itabira | CUPOM: 367596 | DATA: 12-12-2023
  >> CODPROD: 254713 | DESCRIÇAO: ALCATRA SUINA RESF SUINCO | QUANTIDADE: 0.944 | VALOR: -24.98
   >>> 1 item(s) importado(s) 
 > linha: 11 - Registro -> NUMCONTROLE: 76 | FILIAL: 36 - Itabira | CUPOM: 66297 | DATA: 12-12-2023
  >> CODPROD: 240583 | DESCRIÇAO: BATATA RUFFLES ORIGINAL P | QUANTIDADE: 1 | VALOR: -7.98
  >> CODPROD: 247274 | DESCRIÇAO: BISC RECH RICHESTER ESCUR | QUANTIDADE: 1 | VALOR: -2.78
   >>> 2 item(s) importado(s) 
 > linha: 12 - Registro -> NUMCONTROLE: 77 | FILIAL: 22 - JJ | CUPOM: 205646 | DATA: 13-12-2023
  >> CODPROD: 194225 | DESCRIÇAO: ALHO DESCASCADO PC 1KG | QUANTIDADE: 1 | VALOR: -26.9
   >>> 1 item(s) importado(s) 
 > linha: 13 - Registro -> NUMCONTROLE: 78 | FILIAL: 40 - Sabará | CUPOM: 123236 | DATA: 13-12-2023
  >> CODPROD: 23693 | DESCRIÇAO: AGUA MINERAL INGA S/GAS G | QUANTIDADE: 1 | VALOR: -6.58
  >> CODPROD: 160886 | DESCRIÇAO: PICANHA SUINA RESF SAUDALI TEMP KG | QUANTIDADE: 1.110 | VALOR: -24.98
   >>> 2 item(s) importado(s) 
 > linha: 14 - Registro -> NUMCONTROLE: 79 | FILIAL: 23 - Tropical | CUPOM: 245907 | DATA: 13-12-2023
  >> CODPROD: 179168 | DESCRIÇAO: BISC WAFER LOOK CHOC 55G | QUANTIDADE: 3 | VALOR: -2.48
  >> CODPROD: 248389 | DESCRIÇAO: CHOC BR GAROTO BRANCO 80G | QUANTIDADE: 2 | VALOR: -5.39
  >> CODPROD: 223783 | DESCRIÇAO: LEITE COND ITALAC ZERO LA | QUANTIDADE: 3 | VALOR: -6.58
  >> CODPROD: 240585 | DESCRIÇAO: BATATA RUFFLES CHURRASCO | QUANTIDADE: 1 | VALOR: -7.98
   >>> 4 item(s) importado(s) 
 > linha: 15 - Registro -> NUMCONTROLE: 80 | FILIAL: 40 - Sabará | CUPOM: 371033 | DATA: 14-12-2023
  >> CODPROD: 240527 | DESCRIÇAO: REFRIG CACULINHA PEPSI CO | QUANTIDADE: 12 | VALOR: -1.28
  >> CODPROD: 162692 | DESCRIÇAO: NECTAR TIAL CAJU TP 1L | QUANTIDADE: 2 | VALOR: -5.78
   >>> 2 item(s) importado(s) 
 > linha: 16 - Registro -> NUMCONTROLE: 81 | FILIAL: 40 - Sabará | CUPOM: 199875 | DATA: 14-12-2023
  >> CODPROD: 102397 | DESCRIÇAO: BACON MANTA SADIA PECA KG | QUANTIDADE: 2.110 | VALOR: -21.9
   >>> 1 item(s) importado(s) 

